<?xml version="1.0" encoding="UTF-8"?>
<testsuite name="webappgradle.LibraryTest" tests="1" skipped="0" failures="0" errors="0" timestamp="2022-10-13T09:53:54" hostname="APH10175" time="0.012">
  <properties/>
  <testcase name="someLibraryMethodReturnsTrue()" classname="webappgradle.LibraryTest" time="0.012"/>
  <system-out><![CDATA[]]></system-out>
  <system-err><![CDATA[]]></system-err>
</testsuite>
